<?xml version="1.0" encoding="UTF-8"?>
<testsuite xmlns:xsi="http://www.w3.org/2001/XMLSchema-instance" xsi:noNamespaceSchemaLocation="https://maven.apache.org/surefire/maven-surefire-plugin/xsd/surefire-test-report.xsd" name="com.anjishnu.CalculatorTest" time="0.06" tests="8" errors="0" skipped="0" failures="1">
  <properties>
[...]
</properties>
  <testcase name="MinusOneSquareRootIsNaN" classname="com.anjishnu.CalculatorTest" time="0.004"/>
  <testcase name="TwentyFiveSquareRootIsFive" classname="com.anjishnu.CalculatorTest" time="0.001"/>
  <testcase name="fiveFactorialIsSevenTwenty" classname="com.anjishnu.CalculatorTest" time="0"/>
  <testcase name="fourFactorialIsNotSix" classname="com.anjishnu.CalculatorTest" time="0.001"/>
  <testcase name="naturalLogOfOneIsZero" classname="com.anjishnu.CalculatorTest" time="0"/>
  <testcase name="naturalLogOfZeroIsNotOne" classname="com.anjishnu.CalculatorTest" time="0.01">
    <failure message="Error - ln(0) = 1.  expected:&lt;-Infinity&gt; but was:&lt;1.0&gt;" type="java.lang.AssertionError"><![CDATA[java.lang.AssertionError: Error - ln(0) = 1.  expected:<-Infinity> but was:<1.0>
	at com.anjishnu.CalculatorTest.naturalLogOfZeroIsNotOne(CalculatorTest.java:58)
]]></failure>
    <system-out><![CDATA[Checking naturalLogOfZeroIsNotOne

]]></system-out>
  </testcase>
  <testcase name="tenPowerMinusOneIsNotTen" classname="com.anjishnu.CalculatorTest" time="0"/>
  <testcase name="threePowerTwoIsNine" classname="com.anjishnu.CalculatorTest" time="0.001"/>
</testsuite>